started function call getAllconnectedsql formedbefore require
after require
data collected
new node created
sql created
INSERT INTO menunode(parentId, caption, text) VALUES (:parentId, :caption, :text)
About to execte SQLSQLSTATE[HY000]: General error: 1366 Incorrect integer value: '' for column 'parentId' at row 1started function call getAllconnectedsql formedbefore require
after require
data collected
new node created
sql created
INSERT INTO menunode(parentId, caption, text) VALUES (:parentId, :caption, :text)
About to execte SQLSQLSTATE[HY000]: General error: 1366 Incorrect integer value: '' for column 'parentId' at row 1started function call getAllconnectedsql formedbefore require
after require
data collected
new node created
sql created
INSERT INTO menunode(parentId, caption, text) VALUES (:parentId, :caption, :text)
About to execte SQLSQLSTATE[HY000]: General error: 1366 Incorrect integer value: '' for column 'parentId' at row 1started function call getAllconnectedsql formedbefore require
after require
data collected
new node created
sql created
INSERT INTO menunode(parentId, caption, text) VALUES (:parentId, :caption, :text)
About to execte SQLSQL executedgrabed insert idinsert run
started function call getAllconnectedsql formedstarted function call getAllconnectedsql formedbefore require
after require
data collected
new node created
sql created
INSERT INTO menunode(parentId, caption, text) VALUES (:parentId, :caption, :text)
About to execte SQLSQL executedgrabed insert idinsert run
started function call getAllconnectedsql formedbefore require
after require
data collected
new node created
sql created
INSERT INTO menunode(parentId, caption, text) VALUES (:parentId, :caption, :text)
About to execte SQLSQL executedgrabed insert idinsert run
started function call getAllconnectedsql formedstarted function call getAllconnectedsql formedbefore require
after require
data collected
new node created
sql created
INSERT INTO menunode(parentId, caption, text) VALUES (:parentId, :caption, :text)
About to execte SQLSQL executedgrabed insert idinsert run
started function call getAllconnectedsql formedstarted function call getAllconnectedsql formedstarted function call getAllconnectedsql formedbefore require
after require
data collected
new node created
sql created
INSERT INTO menunode(parentId, caption, text) VALUES (:parentId, :caption, :text)
About to execte SQLSQL executedgrabed insert idinsert run
started function call getAllconnectedsql formedbefore require
after require
data collected
new node created
sql created
INSERT INTO menunode(parentId, caption, text) VALUES (:parentId, :caption, :text)
About to execte SQLSQL executedgrabed insert idinsert run
started function call getAllconnectedsql formedstarted function call getAllconnectedsql formedbefore require
after require
data collected
new node created
sql created
INSERT INTO menunode(parentId, caption, text) VALUES (:parentId, :caption, :text)
About to execte SQLSQL executedgrabed insert idinsert run
started function call getAllconnectedsql formedstarted function call getAllconnectedsql formedbefore require
after require
data collected
new node created
sql created
INSERT INTO menunode(parentId, caption, text) VALUES (:parentId, :caption, :text)
About to execte SQLSQL executedgrabed insert idinsert run
started function call getAllconnectedsql formedbefore require
after require
data collected
new node created
sql created
INSERT INTO menunode(parentId, caption, text) VALUES (:parentId, :caption, :text)
About to execte SQLSQL executedgrabed insert idinsert run
started function call getAllconnectedsql formedbefore require
after require
data collected
new node created
sql created
INSERT INTO menunode(parentId, caption, text) VALUES (:parentId, :caption, :text)
About to execte SQLSQL executedgrabed insert idinsert run
started function call getAllconnectedsql formedbefore require
after require
data collected
new node created
sql created
INSERT INTO menunode(parentId, caption, text) VALUES (:parentId, :caption, :text)
About to execte SQLSQL executedgrabed insert idinsert run
started function call getAllconnectedsql formedbefore require
after require
data collected
new node created
sql created
INSERT INTO menunode(parentId, caption, text) VALUES (:parentId, :caption, :text)
About to execte SQLSQL executedgrabed insert idinsert run
started function call getAllconnectedsql formedbefore require
after require
data collected
new node created
sql created
INSERT INTO menunode(parentId, caption, text) VALUES (:parentId, :caption, :text)
About to execte SQLSQL executedgrabed insert idinsert run
started function call getAllconnectedsql formedstarted function call getAllconnectedsql formedbefore require
after require
data collected
new node created
sql created
INSERT INTO menunode(parentId, caption, text) VALUES (:parentId, :caption, :text)
About to execte SQLSQL executedgrabed insert idinsert run
started function call getAllconnectedsql formedstarted function call getAllconnectedsql formedbefore require
after require
23data collected
new node created
sql created
INSERT INTO menunode(parentId, caption, text) VALUES (:parentId, :caption, :text)
About to execte SQLSQL executedgrabed insert idinsert run
started function call getAllconnectedsql formedstarted function call getAllconnectedsql formedbefore require
after require
22data collected
new node created
sql created
INSERT INTO menunode(parentId, caption, text) VALUES (:parentId, :caption, :text)
About to execte SQLSQL executedgrabed insert idinsert run
started function call getAllconnectedsql formedbefore require
after require
15data collected
new node created
sql created
INSERT INTO menunode(parentId, caption, text) VALUES (:parentId, :caption, :text)
About to execte SQLSQL executedgrabed insert idinsert run
started function call getAllconnectedsql formedstarted function call getAllconnectedsql formedbefore require
after require
19data collected
new node created
sql created
INSERT INTO menunode(parentId, caption, text) VALUES (:parentId, :caption, :text)
About to execte SQLSQL executedgrabed insert idinsert run
started function call getAllconnectedsql formedbefore require
after require
18data collected
new node created
sql created
INSERT INTO menunode(parentId, caption, text) VALUES (:parentId, :caption, :text)
About to execte SQLSQL executedgrabed insert idinsert run
started function call getAllconnectedsql formedbefore require
after require
13data collected
new node created
sql created
INSERT INTO menunode(parentId, caption, text) VALUES (:parentId, :caption, :text)
About to execte SQLSQL executedgrabed insert idinsert run
started function call getAllconnectedsql formedbefore require
after require
15data collected
new node created
sql created
INSERT INTO menunode(parentId, caption, text) VALUES (:parentId, :caption, :text)
About to execte SQLSQL executedgrabed insert idinsert run
started function call getAllconnectedsql formedbefore require
after require
21data collected
new node created
sql created
INSERT INTO menunode(parentId, caption, text) VALUES (:parentId, :caption, :text)
About to execte SQLSQL executedgrabed insert idinsert run
started function call getAllconnectedsql formedbefore require
after require
17data collected
new node created
sql created
INSERT INTO menunode(parentId, caption, text) VALUES (:parentId, :caption, :text)
About to execte SQLSQL executedgrabed insert idinsert run
started function call getAllconnectedsql formedbefore require
after require
12data collected
new node created
sql created
INSERT INTO menunode(parentId, caption, text) VALUES (:parentId, :caption, :text)
About to execte SQLSQL executedgrabed insert idinsert run
before require
after require
12data collected
new node created
sql created
INSERT INTO menunode(parentId, caption, text) VALUES (:parentId, :caption, :text)
About to execte SQLSQL executedgrabed insert idinsert run
started function call getAllconnectedsql formedbefore require
after require
12data collected
new node created
sql created
INSERT INTO menunode(parentId, caption, text) VALUES (:parentId, :caption, :text)
About to execte SQLSQL executedgrabed insert idinsert run
started function call getAllconnectedsql formedbefore require
after require
data collected
new node created
sql created
INSERT INTO menunode(parentId, caption, text) VALUES (:parentId, :caption, :text)
About to execte SQLSQL executedgrabed insert idinsert run
before require
after require
36data collected
new node created
sql created
INSERT INTO menunode(parentId, caption, text) VALUES (:parentId, :caption, :text)
About to execte SQLSQL executedgrabed insert idinsert run
started function call getAllconnectedsql formedstarted function call getAllconnectedsql formedstarted function call getAllconnectedsql formedstarted function call getAllconnectedsql formedstarted function call getAllconnectedsql formedstarted function call getAllconnectedsql formedbefore require
after require
data collected
new node created
sql created
INSERT INTO menunode(parentId, caption, text) VALUES (:parentId, :caption, :text)
About to execte SQLSQL executedgrabed insert idinsert run
before require
after require
data collected
new node created
sql created
INSERT INTO menunode(parentId, caption, text) VALUES (:parentId, :caption, :text)
About to execte SQLSQL executedgrabed insert idinsert run
before require
after require
39data collected
new node created
sql created
INSERT INTO menunode(parentId, caption, text) VALUES (:parentId, :caption, :text)
About to execte SQLSQL executedgrabed insert idinsert run
started function call getAllconnectedsql formedstarted function call getAllconnectedsql formedstarted function call getAllconnectedsql formedsql created
INSERT INTO menunode(parentId, caption, text) VALUES (:parentId, :caption, :text)
About to execte SQLSQL executedgrabed insert idstarted function call getAllconnectedsql formedstarted function call getAllconnectedsql formedstarted function call getAllconnectedsql formedstarted function call getAllconnectedsql formedstarted function call getAllconnectedsql formedstarted function call getAllconnectedsql formedstarted function call getAllconnectedsql formedstarted function call getAllconnectedsql formed